

*******************************************************************************
Mon Oct  3 12:32:56 2016


FIT:    data read from 'datos.txt'
        format = z
        #datapoints = 10
        residuals are weighted equally (unit weight)

function used for fitting: f(x)
	f(x) = a * x * x
fitted parameters initialized with current variable values

iter      chisq       delta/lim  lambda   a            
   0 1.0639284844e+19   0.00e+00  1.03e+09    1.000000e+00
   5 2.6289604085e-01  -3.31e-08  1.03e+04    7.350257e-09

After 5 iterations the fit converged.
final sum of squares of residuals : 0.262896
rel. change during last iteration : -3.31087e-13

degrees of freedom    (FIT_NDF)                        : 9
rms of residuals      (FIT_STDFIT) = sqrt(WSSR/ndf)    : 0.170911
variance of residuals (reduced chisquare) = WSSR/ndf   : 0.0292107

Final set of parameters            Asymptotic Standard Error
=======================            ==========================
a               = 7.35026e-09      +/- 5.24e-11     (0.7129%)
