\BOOKMARK [1][-]{section.1}{\376\377\0001\000\040\000g\000e\000n\000D\000a\000t\000a}{}% 1
\BOOKMARK [2][-]{subsection.1.1}{\376\377\0001\000.\0001\000\040\000N\000O\000T\000A\000\040\000I\000M\000P\000O\000R\000T\000A\000N\000T\000E}{section.1}% 2
\BOOKMARK [2][-]{subsection.1.2}{\376\377\0001\000.\0002\000\040\000G\000e\000n\000e\000r\000a\000r\000\040\000D\000o\000c\000u\000m\000e\000n\000t\000a\000c\000i\000\363\000n}{section.1}% 3
\BOOKMARK [2][-]{subsection.1.3}{\376\377\0001\000.\0003\000\040\000I\000n\000t\000r\000o\000d\000u\000c\000c\000i\000\363\000n}{section.1}% 4
\BOOKMARK [2][-]{subsection.1.4}{\376\377\0001\000.\0004\000\040\000I\000m\000p\000l\000e\000m\000e\000n\000t\000a\000c\000i\000\363\000n\000\040\000d\000e\000l\000\040\000T\000D\000A\000\040\000N\000m\000e\000r\000.}{section.1}% 5
\BOOKMARK [2][-]{subsection.1.5}{\376\377\0001\000.\0005\000\040\000\301\000r\000b\000o\000l\000e\000s\000\040\000k\000t\000r\000e\000e}{section.1}% 6
\BOOKMARK [3][-]{subsubsection.1.5.1}{\376\377\0001\000.\0005\000.\0001\000\040\000T\000D\000A\000\040\000k\000t\000r\000e\000e\000<\000T\000,\000K\000>}{subsection.1.5}% 7
\BOOKMARK [3][-]{subsubsection.1.5.2}{\376\377\0001\000.\0005\000.\0002\000\040\000I\000m\000p\000l\000e\000m\000e\000n\000t\000a\000c\000i\000\363\000n}{subsection.1.5}% 8
\BOOKMARK [2][-]{subsection.1.6}{\376\377\0001\000.\0006\000\040\000R\000e\000p\000r\000e\000s\000e\000n\000t\000a\000n\000d\000o\000\040\000u\000n\000\040\000N\000m\000e\000r\000\040\000c\000o\000m\000o\000\040\000u\000n\000\040\000k\000t\000r\000e\000e}{section.1}% 9
\BOOKMARK [3][-]{subsubsection.1.6.1}{\376\377\0001\000.\0006\000.\0001\000\040\000R\000e\000p\000r\000e\000s\000e\000n\000t\000a\000c\000i\000\363\000n}{subsection.1.6}% 10
\BOOKMARK [2][-]{subsection.1.7}{\376\377\0001\000.\0007\000\040\000\277\000C\000\363\000m\000o\000\040\000i\000m\000p\000l\000e\000m\000e\000n\000t\000a\000r\000\040\000a\000l\000g\000u\000n\000o\000s\000\040\000d\000e\000\040\000l\000o\000s\000\040\000m\000\351\000t\000o\000d\000o\000s\000\040\000e\000n\000\040\000N\000m\000e\000r\000?}{section.1}% 11
\BOOKMARK [3][-]{subsubsection.1.7.1}{\376\377\0001\000.\0007\000.\0001\000\040\000M\000\351\000t\000o\000d\000o\000\040\0001\000\040\000-\000>\000\040\000N\000m\000e\000r\000:\000:\000s\000e\000q\000u\000e\000n\000c\000e\000A\000D\000N\000\050\000t\000a\000m\000a\000,\000\040\000a\000d\000n\000\051\000\040\000:\000\040\000O\000b\000t\000e\000n\000i\000e\000n\000d\000o\000\040\000l\000o\000s\000\040\000N\000m\000e\000r\000s\000\040\000a\000\040\000p\000a\000r\000t\000i\000r\000\040\000d\000e\000\040\000u\000n\000a\000\040\000c\000a\000d\000e\000n\000a\000\040\000d\000e\000\040\000A\000D\000N}{subsection.1.7}% 12
\BOOKMARK [3][-]{subsubsection.1.7.2}{\376\377\0001\000.\0007\000.\0002\000\040\000M\000\351\000t\000o\000d\000o\000\040\0002\000\040\000-\000>\000\040\000N\000m\000e\000r\000:\000:\000l\000o\000a\000d\000S\000e\000r\000i\000a\000l\000i\000z\000e\000d\000\050\000n\000o\000m\000b\000r\000e\000\051}{subsection.1.7}% 13
\BOOKMARK [3][-]{subsubsection.1.7.3}{\376\377\0001\000.\0007\000.\0003\000\040\000M\000\351\000t\000o\000d\000o\000\040\0003\000\040\000-\000>\000\040\000s\000e\000t\000<\000p\000a\000i\000r\000<\000s\000t\000r\000i\000n\000g\000,\000i\000n\000t\000>\000,\000O\000r\000d\000e\000n\000C\000r\000e\000\040\000>\000\040\000N\000m\000e\000r\000:\000:\000r\000a\000r\000e\000N\000m\000e\000r\000\050\000t\000h\000r\000e\000s\000h\000o\000l\000d\000\051}{subsection.1.7}% 14
\BOOKMARK [3][-]{subsubsection.1.7.4}{\376\377\0001\000.\0007\000.\0004\000\040\000M\000\351\000t\000o\000d\000o\000\040\0004\000\040\000-\000>\000\040\000s\000e\000t\000<\000p\000a\000i\000r\000<\000s\000t\000r\000i\000n\000g\000,\000i\000n\000t\000>\000,\000o\000r\000d\000e\000n\000D\000e\000c\000r\000e\000\040\000>\000\040\000c\000o\000m\000m\000o\000n\000N\000m\000e\000r\000\050\000t\000h\000r\000e\000s\000h\000o\000l\000d\000\051}{subsection.1.7}% 15
\BOOKMARK [3][-]{subsubsection.1.7.5}{\376\377\0001\000.\0007\000.\0005\000\040\000M\000\351\000t\000o\000d\000o\000\040\0005\000\040\000-\000>\000\040\000s\000e\000t\000<\000p\000a\000i\000r\000<\000s\000t\000r\000i\000n\000g\000,\000i\000n\000t\000>\000,\000\040\000o\000r\000d\000e\000n\000C\000r\000e\000c\000\040\000>\000\040\000l\000e\000v\000e\000l\000\050\000l\000\051\000;}{subsection.1.7}% 16
\BOOKMARK [3][-]{subsubsection.1.7.6}{\376\377\0001\000.\0007\000.\0006\000\040\000M\000\351\000t\000o\000d\000o\000\040\0006\000\040\000-\000>\000\040\000f\000l\000o\000a\000t\000\040\000D\000i\000s\000t\000a\000n\000c\000e\000\050\000N\000m\000e\000r\000\051\000\040\000:\000\040\000A\000p\000l\000i\000c\000a\000c\000i\000\363\000n\000\040\000d\000e\000l\000\040\000T\000D\000A\000\040\000N\000m\000e\000r\000\040\000a\000\040\000l\000a\000\040\000c\000a\000r\000a\000c\000t\000e\000r\000i\000z\000a\000c\000i\000\363\000n\000\040\000d\000e\000l\000\040\000g\000e\000n\000o\000m\000a\000\040\000d\000e\000\040\000d\000i\000s\000t\000i\000n\000t\000a\000s\000\040\000e\000s\000p\000e\000c\000i\000e\000s\000.}{subsection.1.7}% 17
\BOOKMARK [2][-]{subsection.1.8}{\376\377\0001\000.\0008\000\040\000E\000n\000t\000r\000e\000g\000a}{section.1}% 18
\BOOKMARK [2][-]{subsection.1.9}{\376\377\0001\000.\0009\000\040\000B\000i\000b\000l\000i\000o\000g\000r\000a\000f\000\355\000a}{section.1}% 19
\BOOKMARK [1][-]{section.2}{\376\377\0002\000\040\000L\000i\000s\000t\000a\000\040\000d\000e\000\040\000t\000a\000r\000e\000a\000s\000\040\000p\000e\000n\000d\000i\000e\000n\000t\000e\000s}{}% 20
\BOOKMARK [1][-]{section.3}{\376\377\0003\000\040\000L\000i\000s\000t\000a\000\040\000d\000e\000\040\000b\000u\000g\000s}{}% 21
\BOOKMARK [1][-]{section.4}{\376\377\0004\000\040\000\315\000n\000d\000i\000c\000e\000\040\000d\000e\000\040\000c\000l\000a\000s\000e\000s}{}% 22
\BOOKMARK [2][-]{subsection.4.1}{\376\377\0004\000.\0001\000\040\000L\000i\000s\000t\000a\000\040\000d\000e\000\040\000c\000l\000a\000s\000e\000s}{section.4}% 23
\BOOKMARK [1][-]{section.5}{\376\377\0005\000\040\000I\000n\000d\000i\000c\000e\000\040\000d\000e\000\040\000a\000r\000c\000h\000i\000v\000o\000s}{}% 24
\BOOKMARK [2][-]{subsection.5.1}{\376\377\0005\000.\0001\000\040\000L\000i\000s\000t\000a\000\040\000d\000e\000\040\000a\000r\000c\000h\000i\000v\000o\000s}{section.5}% 25
\BOOKMARK [1][-]{section.6}{\376\377\0006\000\040\000D\000o\000c\000u\000m\000e\000n\000t\000a\000c\000i\000\363\000n\000\040\000d\000e\000\040\000l\000a\000s\000\040\000c\000l\000a\000s\000e\000s}{}% 26
\BOOKMARK [2][-]{subsection.6.1}{\376\377\0006\000.\0001\000\040\000R\000e\000f\000e\000r\000e\000n\000c\000i\000a\000\040\000d\000e\000\040\000l\000a\000\040\000C\000l\000a\000s\000e\000\040\000k\000t\000r\000e\000e\000<\000\040\000T\000,\000\040\000K\000\040\000>\000:\000:\000n\000o\000d\000e\000:\000:\000c\000h\000i\000l\000d\000\137\000i\000t\000e\000r\000a\000t\000o\000r}{section.6}% 27
\BOOKMARK [3][-]{subsubsection.6.1.1}{\376\377\0006\000.\0001\000.\0001\000\040\000D\000e\000s\000c\000r\000i\000p\000c\000i\000\363\000n\000\040\000d\000e\000t\000a\000l\000l\000a\000d\000a}{subsection.6.1}% 28
\BOOKMARK [3][-]{subsubsection.6.1.2}{\376\377\0006\000.\0001\000.\0002\000\040\000D\000o\000c\000u\000m\000e\000n\000t\000a\000c\000i\000\363\000n\000\040\000d\000e\000l\000\040\000c\000o\000n\000s\000t\000r\000u\000c\000t\000o\000r\000\040\000y\000\040\000d\000e\000s\000t\000r\000u\000c\000t\000o\000r}{subsection.6.1}% 29
\BOOKMARK [3][-]{subsubsection.6.1.3}{\376\377\0006\000.\0001\000.\0003\000\040\000D\000o\000c\000u\000m\000e\000n\000t\000a\000c\000i\000\363\000n\000\040\000d\000e\000\040\000l\000a\000s\000\040\000f\000u\000n\000c\000i\000o\000n\000e\000s\000\040\000m\000i\000e\000m\000b\000r\000o}{subsection.6.1}% 30
\BOOKMARK [3][-]{subsubsection.6.1.4}{\376\377\0006\000.\0001\000.\0004\000\040\000D\000o\000c\000u\000m\000e\000n\000t\000a\000c\000i\000\363\000n\000\040\000d\000e\000\040\000l\000a\000s\000\040\000f\000u\000n\000c\000i\000o\000n\000e\000s\000\040\000r\000e\000l\000a\000c\000i\000o\000n\000a\000d\000a\000s\000\040\000y\000\040\000c\000l\000a\000s\000e\000s\000\040\000a\000m\000i\000g\000a\000s}{subsection.6.1}% 31
\BOOKMARK [2][-]{subsection.6.2}{\376\377\0006\000.\0002\000\040\000R\000e\000f\000e\000r\000e\000n\000c\000i\000a\000\040\000d\000e\000\040\000l\000a\000\040\000C\000l\000a\000s\000e\000\040\000k\000t\000r\000e\000e\000<\000\040\000T\000,\000\040\000K\000\040\000>\000:\000:\000c\000o\000n\000s\000t\000\137\000n\000o\000d\000e\000:\000:\000c\000h\000i\000l\000d\000\137\000i\000t\000e\000r\000a\000t\000o\000r}{section.6}% 32
\BOOKMARK [3][-]{subsubsection.6.2.1}{\376\377\0006\000.\0002\000.\0001\000\040\000D\000e\000s\000c\000r\000i\000p\000c\000i\000\363\000n\000\040\000d\000e\000t\000a\000l\000l\000a\000d\000a}{subsection.6.2}% 33
\BOOKMARK [3][-]{subsubsection.6.2.2}{\376\377\0006\000.\0002\000.\0002\000\040\000D\000o\000c\000u\000m\000e\000n\000t\000a\000c\000i\000\363\000n\000\040\000d\000e\000l\000\040\000c\000o\000n\000s\000t\000r\000u\000c\000t\000o\000r\000\040\000y\000\040\000d\000e\000s\000t\000r\000u\000c\000t\000o\000r}{subsection.6.2}% 34
\BOOKMARK [3][-]{subsubsection.6.2.3}{\376\377\0006\000.\0002\000.\0003\000\040\000D\000o\000c\000u\000m\000e\000n\000t\000a\000c\000i\000\363\000n\000\040\000d\000e\000\040\000l\000a\000s\000\040\000f\000u\000n\000c\000i\000o\000n\000e\000s\000\040\000m\000i\000e\000m\000b\000r\000o}{subsection.6.2}% 35
\BOOKMARK [3][-]{subsubsection.6.2.4}{\376\377\0006\000.\0002\000.\0004\000\040\000D\000o\000c\000u\000m\000e\000n\000t\000a\000c\000i\000\363\000n\000\040\000d\000e\000\040\000l\000a\000s\000\040\000f\000u\000n\000c\000i\000o\000n\000e\000s\000\040\000r\000e\000l\000a\000c\000i\000o\000n\000a\000d\000a\000s\000\040\000y\000\040\000c\000l\000a\000s\000e\000s\000\040\000a\000m\000i\000g\000a\000s}{subsection.6.2}% 36
\BOOKMARK [2][-]{subsection.6.3}{\376\377\0006\000.\0003\000\040\000R\000e\000f\000e\000r\000e\000n\000c\000i\000a\000\040\000d\000e\000\040\000l\000a\000\040\000C\000l\000a\000s\000e\000\040\000k\000t\000r\000e\000e\000<\000\040\000T\000,\000\040\000K\000\040\000>\000:\000:\000c\000o\000n\000s\000t\000\137\000n\000o\000d\000e}{section.6}% 37
\BOOKMARK [3][-]{subsubsection.6.3.1}{\376\377\0006\000.\0003\000.\0001\000\040\000D\000e\000s\000c\000r\000i\000p\000c\000i\000\363\000n\000\040\000d\000e\000t\000a\000l\000l\000a\000d\000a}{subsection.6.3}% 38
\BOOKMARK [3][-]{subsubsection.6.3.2}{\376\377\0006\000.\0003\000.\0002\000\040\000D\000o\000c\000u\000m\000e\000n\000t\000a\000c\000i\000\363\000n\000\040\000d\000e\000l\000\040\000c\000o\000n\000s\000t\000r\000u\000c\000t\000o\000r\000\040\000y\000\040\000d\000e\000s\000t\000r\000u\000c\000t\000o\000r}{subsection.6.3}% 39
\BOOKMARK [3][-]{subsubsection.6.3.3}{\376\377\0006\000.\0003\000.\0003\000\040\000D\000o\000c\000u\000m\000e\000n\000t\000a\000c\000i\000\363\000n\000\040\000d\000e\000\040\000l\000a\000s\000\040\000f\000u\000n\000c\000i\000o\000n\000e\000s\000\040\000m\000i\000e\000m\000b\000r\000o}{subsection.6.3}% 40
\BOOKMARK [3][-]{subsubsection.6.3.4}{\376\377\0006\000.\0003\000.\0004\000\040\000D\000o\000c\000u\000m\000e\000n\000t\000a\000c\000i\000\363\000n\000\040\000d\000e\000\040\000l\000a\000s\000\040\000f\000u\000n\000c\000i\000o\000n\000e\000s\000\040\000r\000e\000l\000a\000c\000i\000o\000n\000a\000d\000a\000s\000\040\000y\000\040\000c\000l\000a\000s\000e\000s\000\040\000a\000m\000i\000g\000a\000s}{subsection.6.3}% 41
\BOOKMARK [2][-]{subsection.6.4}{\376\377\0006\000.\0004\000\040\000R\000e\000f\000e\000r\000e\000n\000c\000i\000a\000\040\000d\000e\000\040\000l\000a\000\040\000p\000l\000a\000n\000t\000i\000l\000l\000a\000\040\000d\000e\000\040\000l\000a\000\040\000C\000l\000a\000s\000e\000\040\000k\000t\000r\000e\000e\000<\000\040\000T\000,\000\040\000K\000\040\000>}{section.6}% 42
\BOOKMARK [3][-]{subsubsection.6.4.1}{\376\377\0006\000.\0004\000.\0001\000\040\000D\000e\000s\000c\000r\000i\000p\000c\000i\000\363\000n\000\040\000d\000e\000t\000a\000l\000l\000a\000d\000a}{subsection.6.4}% 43
\BOOKMARK [3][-]{subsubsection.6.4.2}{\376\377\0006\000.\0004\000.\0002\000\040\000D\000o\000c\000u\000m\000e\000n\000t\000a\000c\000i\000\363\000n\000\040\000d\000e\000\040\000l\000o\000s\000\040\000\047\000T\000y\000p\000e\000d\000e\000f\000\047\000\040\000m\000i\000e\000m\000b\000r\000o\000s\000\040\000d\000e\000\040\000l\000a\000\040\000c\000l\000a\000s\000e}{subsection.6.4}% 44
\BOOKMARK [3][-]{subsubsection.6.4.3}{\376\377\0006\000.\0004\000.\0003\000\040\000D\000o\000c\000u\000m\000e\000n\000t\000a\000c\000i\000\363\000n\000\040\000d\000e\000l\000\040\000c\000o\000n\000s\000t\000r\000u\000c\000t\000o\000r\000\040\000y\000\040\000d\000e\000s\000t\000r\000u\000c\000t\000o\000r}{subsection.6.4}% 45
\BOOKMARK [3][-]{subsubsection.6.4.4}{\376\377\0006\000.\0004\000.\0004\000\040\000D\000o\000c\000u\000m\000e\000n\000t\000a\000c\000i\000\363\000n\000\040\000d\000e\000\040\000l\000a\000s\000\040\000f\000u\000n\000c\000i\000o\000n\000e\000s\000\040\000m\000i\000e\000m\000b\000r\000o}{subsection.6.4}% 46
\BOOKMARK [3][-]{subsubsection.6.4.5}{\376\377\0006\000.\0004\000.\0005\000\040\000D\000o\000c\000u\000m\000e\000n\000t\000a\000c\000i\000\363\000n\000\040\000d\000e\000\040\000l\000o\000s\000\040\000d\000a\000t\000o\000s\000\040\000m\000i\000e\000m\000b\000r\000o}{subsection.6.4}% 47
\BOOKMARK [2][-]{subsection.6.5}{\376\377\0006\000.\0005\000\040\000R\000e\000f\000e\000r\000e\000n\000c\000i\000a\000\040\000d\000e\000\040\000l\000a\000\040\000C\000l\000a\000s\000e\000\040\000N\000m\000e\000r}{section.6}% 48
\BOOKMARK [3][-]{subsubsection.6.5.1}{\376\377\0006\000.\0005\000.\0001\000\040\000D\000e\000s\000c\000r\000i\000p\000c\000i\000\363\000n\000\040\000d\000e\000t\000a\000l\000l\000a\000d\000a}{subsection.6.5}% 49
\BOOKMARK [3][-]{subsubsection.6.5.2}{\376\377\0006\000.\0005\000.\0002\000\040\000D\000o\000c\000u\000m\000e\000n\000t\000a\000c\000i\000\363\000n\000\040\000d\000e\000\040\000l\000o\000s\000\040\000\047\000T\000y\000p\000e\000d\000e\000f\000\047\000\040\000m\000i\000e\000m\000b\000r\000o\000s\000\040\000d\000e\000\040\000l\000a\000\040\000c\000l\000a\000s\000e}{subsection.6.5}% 50
\BOOKMARK [3][-]{subsubsection.6.5.3}{\376\377\0006\000.\0005\000.\0003\000\040\000D\000o\000c\000u\000m\000e\000n\000t\000a\000c\000i\000\363\000n\000\040\000d\000e\000l\000\040\000c\000o\000n\000s\000t\000r\000u\000c\000t\000o\000r\000\040\000y\000\040\000d\000e\000s\000t\000r\000u\000c\000t\000o\000r}{subsection.6.5}% 51
\BOOKMARK [3][-]{subsubsection.6.5.4}{\376\377\0006\000.\0005\000.\0004\000\040\000D\000o\000c\000u\000m\000e\000n\000t\000a\000c\000i\000\363\000n\000\040\000d\000e\000\040\000l\000a\000s\000\040\000f\000u\000n\000c\000i\000o\000n\000e\000s\000\040\000m\000i\000e\000m\000b\000r\000o}{subsection.6.5}% 52
\BOOKMARK [2][-]{subsection.6.6}{\376\377\0006\000.\0006\000\040\000R\000e\000f\000e\000r\000e\000n\000c\000i\000a\000\040\000d\000e\000\040\000l\000a\000\040\000C\000l\000a\000s\000e\000\040\000k\000t\000r\000e\000e\000<\000\040\000T\000,\000\040\000K\000\040\000>\000:\000:\000n\000o\000d\000e}{section.6}% 53
\BOOKMARK [3][-]{subsubsection.6.6.1}{\376\377\0006\000.\0006\000.\0001\000\040\000D\000e\000s\000c\000r\000i\000p\000c\000i\000\363\000n\000\040\000d\000e\000t\000a\000l\000l\000a\000d\000a}{subsection.6.6}% 54
\BOOKMARK [3][-]{subsubsection.6.6.2}{\376\377\0006\000.\0006\000.\0002\000\040\000D\000o\000c\000u\000m\000e\000n\000t\000a\000c\000i\000\363\000n\000\040\000d\000e\000l\000\040\000c\000o\000n\000s\000t\000r\000u\000c\000t\000o\000r\000\040\000y\000\040\000d\000e\000s\000t\000r\000u\000c\000t\000o\000r}{subsection.6.6}% 55
\BOOKMARK [3][-]{subsubsection.6.6.3}{\376\377\0006\000.\0006\000.\0003\000\040\000D\000o\000c\000u\000m\000e\000n\000t\000a\000c\000i\000\363\000n\000\040\000d\000e\000\040\000l\000a\000s\000\040\000f\000u\000n\000c\000i\000o\000n\000e\000s\000\040\000m\000i\000e\000m\000b\000r\000o}{subsection.6.6}% 56
\BOOKMARK [3][-]{subsubsection.6.6.4}{\376\377\0006\000.\0006\000.\0004\000\040\000D\000o\000c\000u\000m\000e\000n\000t\000a\000c\000i\000\363\000n\000\040\000d\000e\000\040\000l\000a\000s\000\040\000f\000u\000n\000c\000i\000o\000n\000e\000s\000\040\000r\000e\000l\000a\000c\000i\000o\000n\000a\000d\000a\000s\000\040\000y\000\040\000c\000l\000a\000s\000e\000s\000\040\000a\000m\000i\000g\000a\000s}{subsection.6.6}% 57
\BOOKMARK [2][-]{subsection.6.7}{\376\377\0006\000.\0007\000\040\000R\000e\000f\000e\000r\000e\000n\000c\000i\000a\000\040\000d\000e\000\040\000l\000a\000\040\000C\000l\000a\000s\000e\000\040\000O\000r\000d\000e\000n\000C\000r\000e}{section.6}% 58
\BOOKMARK [3][-]{subsubsection.6.7.1}{\376\377\0006\000.\0007\000.\0001\000\040\000D\000e\000s\000c\000r\000i\000p\000c\000i\000\363\000n\000\040\000d\000e\000t\000a\000l\000l\000a\000d\000a}{subsection.6.7}% 59
\BOOKMARK [3][-]{subsubsection.6.7.2}{\376\377\0006\000.\0007\000.\0002\000\040\000D\000o\000c\000u\000m\000e\000n\000t\000a\000c\000i\000\363\000n\000\040\000d\000e\000\040\000l\000a\000s\000\040\000f\000u\000n\000c\000i\000o\000n\000e\000s\000\040\000m\000i\000e\000m\000b\000r\000o}{subsection.6.7}% 60
\BOOKMARK [2][-]{subsection.6.8}{\376\377\0006\000.\0008\000\040\000R\000e\000f\000e\000r\000e\000n\000c\000i\000a\000\040\000d\000e\000\040\000l\000a\000\040\000C\000l\000a\000s\000e\000\040\000O\000r\000d\000e\000n\000D\000e\000c\000r\000e}{section.6}% 61
\BOOKMARK [3][-]{subsubsection.6.8.1}{\376\377\0006\000.\0008\000.\0001\000\040\000D\000e\000s\000c\000r\000i\000p\000c\000i\000\363\000n\000\040\000d\000e\000t\000a\000l\000l\000a\000d\000a}{subsection.6.8}% 62
\BOOKMARK [3][-]{subsubsection.6.8.2}{\376\377\0006\000.\0008\000.\0002\000\040\000D\000o\000c\000u\000m\000e\000n\000t\000a\000c\000i\000\363\000n\000\040\000d\000e\000\040\000l\000a\000s\000\040\000f\000u\000n\000c\000i\000o\000n\000e\000s\000\040\000m\000i\000e\000m\000b\000r\000o}{subsection.6.8}% 63
\BOOKMARK [2][-]{subsection.6.9}{\376\377\0006\000.\0009\000\040\000R\000e\000f\000e\000r\000e\000n\000c\000i\000a\000\040\000d\000e\000\040\000l\000a\000\040\000C\000l\000a\000s\000e\000\040\000O\000r\000d\000e\000n\000D\000e\000c\000r\000e\000S\000t}{section.6}% 64
\BOOKMARK [3][-]{subsubsection.6.9.1}{\376\377\0006\000.\0009\000.\0001\000\040\000D\000e\000s\000c\000r\000i\000p\000c\000i\000\363\000n\000\040\000d\000e\000t\000a\000l\000l\000a\000d\000a}{subsection.6.9}% 65
\BOOKMARK [3][-]{subsubsection.6.9.2}{\376\377\0006\000.\0009\000.\0002\000\040\000D\000o\000c\000u\000m\000e\000n\000t\000a\000c\000i\000\363\000n\000\040\000d\000e\000\040\000l\000a\000s\000\040\000f\000u\000n\000c\000i\000o\000n\000e\000s\000\040\000m\000i\000e\000m\000b\000r\000o}{subsection.6.9}% 66
\BOOKMARK [1][-]{section.7}{\376\377\0007\000\040\000D\000o\000c\000u\000m\000e\000n\000t\000a\000c\000i\000\363\000n\000\040\000d\000e\000\040\000a\000r\000c\000h\000i\000v\000o\000s}{}% 67
\BOOKMARK [2][-]{subsection.7.1}{\376\377\0007\000.\0001\000\040\000R\000e\000f\000e\000r\000e\000n\000c\000i\000a\000\040\000d\000e\000l\000\040\000A\000r\000c\000h\000i\000v\000o\000\040\000d\000o\000c\000/\000d\000o\000x\000y\000s\000/\000g\000e\000n\000D\000a\000t\000a\000.\000d\000o\000x}{section.7}% 68
\BOOKMARK [2][-]{subsection.7.2}{\376\377\0007\000.\0002\000\040\000R\000e\000f\000e\000r\000e\000n\000c\000i\000a\000\040\000d\000e\000l\000\040\000A\000r\000c\000h\000i\000v\000o\000\040\000i\000n\000c\000l\000u\000d\000e\000/\000k\000t\000r\000e\000e\000.\000h}{section.7}% 69
\BOOKMARK [3][-]{subsubsection.7.2.1}{\376\377\0007\000.\0002\000.\0001\000\040\000D\000e\000s\000c\000r\000i\000p\000c\000i\000\363\000n\000\040\000d\000e\000t\000a\000l\000l\000a\000d\000a}{subsection.7.2}% 70
\BOOKMARK [2][-]{subsection.7.3}{\376\377\0007\000.\0003\000\040\000R\000e\000f\000e\000r\000e\000n\000c\000i\000a\000\040\000d\000e\000l\000\040\000A\000r\000c\000h\000i\000v\000o\000\040\000i\000n\000c\000l\000u\000d\000e\000/\000N\000m\000e\000r\000.\000h}{section.7}% 71
\BOOKMARK [3][-]{subsubsection.7.3.1}{\376\377\0007\000.\0003\000.\0001\000\040\000D\000e\000s\000c\000r\000i\000p\000c\000i\000\363\000n\000\040\000d\000e\000t\000a\000l\000l\000a\000d\000a}{subsection.7.3}% 72
\BOOKMARK [3][-]{subsubsection.7.3.2}{\376\377\0007\000.\0003\000.\0002\000\040\000D\000o\000c\000u\000m\000e\000n\000t\000a\000c\000i\000\363\000n\000\040\000d\000e\000\040\000l\000a\000s\000\040\000f\000u\000n\000c\000i\000o\000n\000e\000s}{subsection.7.3}% 73
\BOOKMARK [2][-]{subsection.7.4}{\376\377\0007\000.\0004\000\040\000R\000e\000f\000e\000r\000e\000n\000c\000i\000a\000\040\000d\000e\000l\000\040\000A\000r\000c\000h\000i\000v\000o\000\040\000s\000r\000c\000/\000e\000j\000e\000m\000p\000l\000o\000K\000t\000r\000e\000e\000.\000c\000p\000p}{section.7}% 74
\BOOKMARK [3][-]{subsubsection.7.4.1}{\376\377\0007\000.\0004\000.\0001\000\040\000D\000o\000c\000u\000m\000e\000n\000t\000a\000c\000i\000\363\000n\000\040\000d\000e\000\040\000l\000a\000s\000\040\000f\000u\000n\000c\000i\000o\000n\000e\000s}{subsection.7.4}% 75
\BOOKMARK [2][-]{subsection.7.5}{\376\377\0007\000.\0005\000\040\000R\000e\000f\000e\000r\000e\000n\000c\000i\000a\000\040\000d\000e\000l\000\040\000A\000r\000c\000h\000i\000v\000o\000\040\000s\000r\000c\000/\000N\000m\000e\000r\000.\000c\000p\000p}{section.7}% 76
\BOOKMARK [3][-]{subsubsection.7.5.1}{\376\377\0007\000.\0005\000.\0001\000\040\000D\000o\000c\000u\000m\000e\000n\000t\000a\000c\000i\000\363\000n\000\040\000d\000e\000\040\000l\000a\000s\000\040\000f\000u\000n\000c\000i\000o\000n\000e\000s}{subsection.7.5}% 77
\BOOKMARK [1][-]{section*.34}{\376\377\000\315\000n\000d\000i\000c\000e}{}% 78
